<?xml version="1.0" encoding="UTF-8"?>
<!-- Generated by org.testng.reporters.JUnitXMLReporter -->
<testsuite hostname="DESKTOP-4JDQMRO" name="Default test" tests="2" failures="0" timestamp="21 Oct 2015 12:32:35 GMT" time="10.438" errors="0">
  <testcase name="verifyNaviagationtoRegistrationPage" time="1.365" classname="com.opencart.testcases.HomePageTests"/>
  <testcase name="verifyNavigationtoLoginPage" time="1.299" classname="com.opencart.testcases.HomePageTests"/>
</testsuite> <!-- Default test -->
