<?xml version="1.0" encoding="UTF-8"?>
<testng-results skipped="0" failed="0" total="1" passed="1">
  <reporter-output>
  </reporter-output>
  <suite name="Default suite" duration-ms="9334" started-at="2015-10-21T03:44:15Z" finished-at="2015-10-21T03:44:25Z">
    <groups>
    </groups>
    <test name="Default test" duration-ms="9334" started-at="2015-10-21T03:44:15Z" finished-at="2015-10-21T03:44:25Z">
      <class name="com.opencart.testcases.HomePageTests">
        <test-method status="PASS" signature="beforeTest()[pri:0, instance:com.opencart.testcases.HomePageTests@1888ff2c]" name="beforeTest" is-config="true" duration-ms="7901" started-at="2015-10-21T14:44:15Z" finished-at="2015-10-21T14:44:23Z">
          <reporter-output>
          </reporter-output>
        </test-method> <!-- beforeTest -->
        <test-method status="PASS" signature="verifyNaviagationtoRegistrationPage()[pri:0, instance:com.opencart.testcases.HomePageTests@1888ff2c]" name="verifyNaviagationtoRegistrationPage" duration-ms="1273" started-at="2015-10-21T14:44:23Z" finished-at="2015-10-21T14:44:24Z">
          <reporter-output>
          </reporter-output>
        </test-method> <!-- verifyNaviagationtoRegistrationPage -->
        <test-method status="PASS" signature="afterTest()[pri:0, instance:com.opencart.testcases.HomePageTests@1888ff2c]" name="afterTest" is-config="true" duration-ms="141" started-at="2015-10-21T14:44:24Z" finished-at="2015-10-21T14:44:25Z">
          <reporter-output>
          </reporter-output>
        </test-method> <!-- afterTest -->
      </class> <!-- com.opencart.testcases.HomePageTests -->
    </test> <!-- Default test -->
  </suite> <!-- Default suite -->
</testng-results>
