<?xml version="1.0" encoding="UTF-8"?>
<testng-results skipped="0" failed="0" total="1" passed="1">
  <reporter-output>
  </reporter-output>
  <suite name="Default suite" duration-ms="51707" started-at="2015-10-26T11:41:34Z" finished-at="2015-10-26T11:42:25Z">
    <groups>
    </groups>
    <test name="Default test" duration-ms="51707" started-at="2015-10-26T11:41:34Z" finished-at="2015-10-26T11:42:25Z">
      <class name="com.opencart.testcases.UserRegistrationTests">
        <test-method status="PASS" signature="beforeTest()[pri:0, instance:com.opencart.testcases.UserRegistrationTests@d7b1517]" name="beforeTest" is-config="true" duration-ms="7767" started-at="2015-10-26T22:41:34Z" finished-at="2015-10-26T22:41:41Z">
          <reporter-output>
          </reporter-output>
        </test-method> <!-- beforeTest -->
        <test-method status="PASS" signature="verifyUserRegistration()[pri:0, instance:com.opencart.testcases.UserRegistrationTests@d7b1517]" name="verifyUserRegistration" duration-ms="42995" started-at="2015-10-26T22:41:41Z" finished-at="2015-10-26T22:42:24Z">
          <reporter-output>
          </reporter-output>
        </test-method> <!-- verifyUserRegistration -->
        <test-method status="PASS" signature="beforeMethod()[pri:0, instance:com.opencart.testcases.UserRegistrationTests@d7b1517]" name="beforeMethod" is-config="true" duration-ms="0" started-at="2015-10-26T22:41:41Z" finished-at="2015-10-26T22:41:41Z">
          <reporter-output>
          </reporter-output>
        </test-method> <!-- beforeMethod -->
        <test-method status="PASS" signature="takeScreenShotOnFailure(org.testng.ITestResult)[pri:0, instance:com.opencart.testcases.UserRegistrationTests@d7b1517]" name="takeScreenShotOnFailure" is-config="true" duration-ms="812" started-at="2015-10-26T22:42:24Z" finished-at="2015-10-26T22:42:25Z">
          <params>
            <param index="0">
              <value>
                <![CDATA[[TestResult name=verifyUserRegistration status=SUCCESS method=UserRegistrationTests.verifyUserRegistration()[pri:0, instance:com.opencart.testcases.UserRegistrationTests@d7b1517] output={null}]]]>
              </value>
            </param>
          </params>
          <reporter-output>
          </reporter-output>
        </test-method> <!-- takeScreenShotOnFailure -->
        <test-method status="PASS" signature="afterTest()[pri:0, instance:com.opencart.testcases.UserRegistrationTests@d7b1517]" name="afterTest" is-config="true" duration-ms="100" started-at="2015-10-26T22:42:25Z" finished-at="2015-10-26T22:42:25Z">
          <reporter-output>
          </reporter-output>
        </test-method> <!-- afterTest -->
      </class> <!-- com.opencart.testcases.UserRegistrationTests -->
    </test> <!-- Default test -->
  </suite> <!-- Default suite -->
</testng-results>
