<?xml version="1.0" encoding="UTF-8"?>
<!-- Generated by org.testng.reporters.JUnitXMLReporter -->
<testsuite hostname="DESKTOP-4JDQMRO" name="ChromeHomePageFunctionalTests" tests="2" failures="1" timestamp="27 Oct 2015 10:45:51 GMT" time="8.526" errors="0">
  <testcase name="verifyNaviagationtoRegistrationPage" time="0.838" classname="com.opencart.testcases.HomePageTests"/>
  <testcase name="verifyNavigationtoLoginPage" time="0.721" classname="com.opencart.testcases.HomePageTests">
    <failure type="org.junit.ComparisonFailure" message="expected:&amp;lt;[Register Account]&amp;gt; but was:&amp;lt;[Account Login]&amp;gt;">
      <![CDATA[org.junit.ComparisonFailure: expected:<[Register Account]> but was:<[Account Login]>
	at org.junit.Assert.assertEquals(Assert.java:115)
	at org.junit.Assert.assertEquals(Assert.java:144)
	at com.opencart.testcases.HomePageTests.verifyNavigationtoLoginPage(HomePageTests.java:31)
... Removed 23 stack frames]]>
    </failure>
  </testcase> <!-- verifyNavigationtoLoginPage -->
</testsuite> <!-- ChromeHomePageFunctionalTests -->
