<?xml version="1.0" encoding="UTF-8"?>
<!-- Generated by org.testng.reporters.JUnitXMLReporter -->
<testsuite hostname="DESKTOP-4JDQMRO" name="FireFoxChromeHomePageFunctionalTests" tests="2" failures="0" timestamp="26 Oct 2015 12:41:16 GMT" time="11.653" errors="0">
  <testcase name="verifyNaviagationtoRegistrationPage" time="1.127" classname="com.opencart.testcases.HomePageTests"/>
  <testcase name="verifyNavigationtoLoginPage" time="1.002" classname="com.opencart.testcases.HomePageTests"/>
</testsuite> <!-- FireFoxChromeHomePageFunctionalTests -->
