<?xml version="1.0" encoding="UTF-8"?>
<!-- Generated by org.testng.reporters.JUnitXMLReporter -->
<testsuite hostname="DESKTOP-4JDQMRO" name="FireFoxHomePageFunctionalTests" tests="2" failures="0" timestamp="27 Oct 2015 10:46:01 GMT" time="9.41" errors="0">
  <testcase name="verifyNaviagationtoRegistrationPage" time="0.964" classname="com.opencart.testcases.HomePageTests"/>
  <testcase name="verifyNavigationtoLoginPage" time="1.157" classname="com.opencart.testcases.HomePageTests"/>
</testsuite> <!-- FireFoxHomePageFunctionalTests -->
